<?xml version="1.0" encoding="UTF-8"?>
<!-- Generated by org.testng.reporters.JUnitXMLReporter -->
<testsuite ignored="2" hostname="LAPTOP-58M1VFPQ" failures="0" tests="1" name="Default test" time="69.539" errors="0" timestamp="2021-06-10T18:27:59 IST">
  <testcase classname="Test.Module" name="testcase3" time="57.314"/>
  <testcase classname="Test.Module" name="testcase2" time="0.0">
    <ignored/>
  </testcase> <!-- testcase2 -->
  <testcase classname="Test.Module" name="testcase1" time="0.0">
    <ignored/>
  </testcase> <!-- testcase1 -->
</testsuite> <!-- Default test -->
