<?xml version="1.0" encoding="UTF-8"?>
<testng-results ignored="2" total="3" passed="1" failed="0" skipped="0">
  <reporter-output>
  </reporter-output>
  <suite started-at="2021-06-10T18:26:50 IST" name="Default suite" finished-at="2021-06-10T18:27:59 IST" duration-ms="69539">
    <groups>
    </groups>
    <test started-at="2021-06-10T18:26:50 IST" name="Default test" finished-at="2021-06-10T18:27:59 IST" duration-ms="69539">
      <class name="Test.Module">
        <test-method is-config="true" signature="setup()[pri:0, instance:Test.Module@44821a96]" started-at="2021-06-10T18:26:50 IST" name="setup" finished-at="2021-06-10T18:27:02 IST" duration-ms="12191" status="PASS">
          <reporter-output>
          </reporter-output>
        </test-method> <!-- setup -->
        <test-method signature="testcase3()[pri:0, instance:Test.Module@44821a96]" started-at="2021-06-10T18:27:02 IST" name="testcase3" finished-at="2021-06-10T18:27:59 IST" duration-ms="57314" status="PASS">
          <reporter-output>
          </reporter-output>
        </test-method> <!-- testcase3 -->
      </class> <!-- Test.Module -->
    </test> <!-- Default test -->
  </suite> <!-- Default suite -->
</testng-results>
